<?xml version="1.0" encoding="UTF-8"?>
<testsuite xmlns:xsi="http://www.w3.org/2001/XMLSchema-instance" xsi:noNamespaceSchemaLocation="https://maven.apache.org/surefire/maven-surefire-plugin/xsd/surefire-test-report.xsd" name="mx.tec.lab.TestHtml2ApplicationTests" time="86.473" tests="7" errors="2" skipped="0" failures="1">
  <properties>
    <property name="gopherProxySet" value="false"/>
    <property name="awt.toolkit" value="sun.lwawt.macosx.LWCToolkit"/>
    <property name="java.specification.version" value="11"/>
    <property name="sun.cpu.isalist" value=""/>
    <property name="sun.jnu.encoding" value="UTF-8"/>
    <property name="java.class.path" value="/Users/jesussierra/Documents/workspace-spring-tool-suite-4-4.9.0.RELEASE/testHtml2/target/test-classes:/Users/jesussierra/Documents/workspace-spring-tool-suite-4-4.9.0.RELEASE/testHtml2/target/classes:/Users/jesussierra/.m2/repository/org/springframework/boot/spring-boot-starter-web/2.4.4/spring-boot-starter-web-2.4.4.jar:/Users/jesussierra/.m2/repository/org/springframework/boot/spring-boot-starter/2.4.4/spring-boot-starter-2.4.4.jar:/Users/jesussierra/.m2/repository/org/springframework/boot/spring-boot/2.4.4/spring-boot-2.4.4.jar:/Users/jesussierra/.m2/repository/org/springframework/boot/spring-boot-autoconfigure/2.4.4/spring-boot-autoconfigure-2.4.4.jar:/Users/jesussierra/.m2/repository/org/springframework/boot/spring-boot-starter-logging/2.4.4/spring-boot-starter-logging-2.4.4.jar:/Users/jesussierra/.m2/repository/ch/qos/logback/logback-classic/1.2.3/logback-classic-1.2.3.jar:/Users/jesussierra/.m2/repository/ch/qos/logback/logback-core/1.2.3/logback-core-1.2.3.jar:/Users/jesussierra/.m2/repository/org/apache/logging/log4j/log4j-to-slf4j/2.13.3/log4j-to-slf4j-2.13.3.jar:/Users/jesussierra/.m2/repository/org/apache/logging/log4j/log4j-api/2.13.3/log4j-api-2.13.3.jar:/Users/jesussierra/.m2/repository/org/slf4j/jul-to-slf4j/1.7.30/jul-to-slf4j-1.7.30.jar:/Users/jesussierra/.m2/repository/jakarta/annotation/jakarta.annotation-api/1.3.5/jakarta.annotation-api-1.3.5.jar:/Users/jesussierra/.m2/repository/org/yaml/snakeyaml/1.27/snakeyaml-1.27.jar:/Users/jesussierra/.m2/repository/org/springframework/boot/spring-boot-starter-json/2.4.4/spring-boot-starter-json-2.4.4.jar:/Users/jesussierra/.m2/repository/com/fasterxml/jackson/core/jackson-databind/2.11.4/jackson-databind-2.11.4.jar:/Users/jesussierra/.m2/repository/com/fasterxml/jackson/core/jackson-annotations/2.11.4/jackson-annotations-2.11.4.jar:/Users/jesussierra/.m2/repository/com/fasterxml/jackson/core/jackson-core/2.11.4/jackson-core-2.11.4.jar:/Users/jesussierra/.m2/repository/com/fasterxml/jackson/datatype/jackson-datatype-jdk8/2.11.4/jackson-datatype-jdk8-2.11.4.jar:/Users/jesussierra/.m2/repository/com/fasterxml/jackson/datatype/jackson-datatype-jsr310/2.11.4/jackson-datatype-jsr310-2.11.4.jar:/Users/jesussierra/.m2/repository/com/fasterxml/jackson/module/jackson-module-parameter-names/2.11.4/jackson-module-parameter-names-2.11.4.jar:/Users/jesussierra/.m2/repository/org/springframework/boot/spring-boot-starter-tomcat/2.4.4/spring-boot-starter-tomcat-2.4.4.jar:/Users/jesussierra/.m2/repository/org/apache/tomcat/embed/tomcat-embed-core/9.0.44/tomcat-embed-core-9.0.44.jar:/Users/jesussierra/.m2/repository/org/glassfish/jakarta.el/3.0.3/jakarta.el-3.0.3.jar:/Users/jesussierra/.m2/repository/org/apache/tomcat/embed/tomcat-embed-websocket/9.0.44/tomcat-embed-websocket-9.0.44.jar:/Users/jesussierra/.m2/repository/org/springframework/spring-web/5.3.5/spring-web-5.3.5.jar:/Users/jesussierra/.m2/repository/org/springframework/spring-beans/5.3.5/spring-beans-5.3.5.jar:/Users/jesussierra/.m2/repository/org/springframework/spring-webmvc/5.3.5/spring-webmvc-5.3.5.jar:/Users/jesussierra/.m2/repository/org/springframework/spring-aop/5.3.5/spring-aop-5.3.5.jar:/Users/jesussierra/.m2/repository/org/springframework/spring-context/5.3.5/spring-context-5.3.5.jar:/Users/jesussierra/.m2/repository/org/springframework/spring-expression/5.3.5/spring-expression-5.3.5.jar:/Users/jesussierra/.m2/repository/org/springframework/boot/spring-boot-starter-test/2.4.4/spring-boot-starter-test-2.4.4.jar:/Users/jesussierra/.m2/repository/org/springframework/boot/spring-boot-test/2.4.4/spring-boot-test-2.4.4.jar:/Users/jesussierra/.m2/repository/org/springframework/boot/spring-boot-test-autoconfigure/2.4.4/spring-boot-test-autoconfigure-2.4.4.jar:/Users/jesussierra/.m2/repository/com/jayway/jsonpath/json-path/2.4.0/json-path-2.4.0.jar:/Users/jesussierra/.m2/repository/net/minidev/json-smart/2.3/json-smart-2.3.jar:/Users/jesussierra/.m2/repository/net/minidev/accessors-smart/1.2/accessors-smart-1.2.jar:/Users/jesussierra/.m2/repository/org/ow2/asm/asm/5.0.4/asm-5.0.4.jar:/Users/jesussierra/.m2/repository/org/slf4j/slf4j-api/1.7.30/slf4j-api-1.7.30.jar:/Users/jesussierra/.m2/repository/jakarta/xml/bind/jakarta.xml.bind-api/2.3.3/jakarta.xml.bind-api-2.3.3.jar:/Users/jesussierra/.m2/repository/jakarta/activation/jakarta.activation-api/1.2.2/jakarta.activation-api-1.2.2.jar:/Users/jesussierra/.m2/repository/org/assertj/assertj-core/3.18.1/assertj-core-3.18.1.jar:/Users/jesussierra/.m2/repository/org/hamcrest/hamcrest/2.2/hamcrest-2.2.jar:/Users/jesussierra/.m2/repository/org/junit/jupiter/junit-jupiter/5.7.1/junit-jupiter-5.7.1.jar:/Users/jesussierra/.m2/repository/org/junit/jupiter/junit-jupiter-api/5.7.1/junit-jupiter-api-5.7.1.jar:/Users/jesussierra/.m2/repository/org/apiguardian/apiguardian-api/1.1.0/apiguardian-api-1.1.0.jar:/Users/jesussierra/.m2/repository/org/opentest4j/opentest4j/1.2.0/opentest4j-1.2.0.jar:/Users/jesussierra/.m2/repository/org/junit/platform/junit-platform-commons/1.7.1/junit-platform-commons-1.7.1.jar:/Users/jesussierra/.m2/repository/org/junit/jupiter/junit-jupiter-params/5.7.1/junit-jupiter-params-5.7.1.jar:/Users/jesussierra/.m2/repository/org/junit/jupiter/junit-jupiter-engine/5.7.1/junit-jupiter-engine-5.7.1.jar:/Users/jesussierra/.m2/repository/org/junit/platform/junit-platform-engine/1.7.1/junit-platform-engine-1.7.1.jar:/Users/jesussierra/.m2/repository/org/mockito/mockito-core/3.6.28/mockito-core-3.6.28.jar:/Users/jesussierra/.m2/repository/net/bytebuddy/byte-buddy-agent/1.10.22/byte-buddy-agent-1.10.22.jar:/Users/jesussierra/.m2/repository/org/objenesis/objenesis/3.1/objenesis-3.1.jar:/Users/jesussierra/.m2/repository/org/mockito/mockito-junit-jupiter/3.6.28/mockito-junit-jupiter-3.6.28.jar:/Users/jesussierra/.m2/repository/org/skyscreamer/jsonassert/1.5.0/jsonassert-1.5.0.jar:/Users/jesussierra/.m2/repository/com/vaadin/external/google/android-json/0.0.20131108.vaadin1/android-json-0.0.20131108.vaadin1.jar:/Users/jesussierra/.m2/repository/org/springframework/spring-core/5.3.5/spring-core-5.3.5.jar:/Users/jesussierra/.m2/repository/org/springframework/spring-jcl/5.3.5/spring-jcl-5.3.5.jar:/Users/jesussierra/.m2/repository/org/springframework/spring-test/5.3.5/spring-test-5.3.5.jar:/Users/jesussierra/.m2/repository/org/xmlunit/xmlunit-core/2.7.0/xmlunit-core-2.7.0.jar:/Users/jesussierra/.m2/repository/org/seleniumhq/selenium/selenium-java/3.141.59/selenium-java-3.141.59.jar:/Users/jesussierra/.m2/repository/org/seleniumhq/selenium/selenium-api/3.141.59/selenium-api-3.141.59.jar:/Users/jesussierra/.m2/repository/org/seleniumhq/selenium/selenium-chrome-driver/3.141.59/selenium-chrome-driver-3.141.59.jar:/Users/jesussierra/.m2/repository/org/seleniumhq/selenium/selenium-edge-driver/3.141.59/selenium-edge-driver-3.141.59.jar:/Users/jesussierra/.m2/repository/org/seleniumhq/selenium/selenium-firefox-driver/3.141.59/selenium-firefox-driver-3.141.59.jar:/Users/jesussierra/.m2/repository/org/seleniumhq/selenium/selenium-ie-driver/3.141.59/selenium-ie-driver-3.141.59.jar:/Users/jesussierra/.m2/repository/org/seleniumhq/selenium/selenium-opera-driver/3.141.59/selenium-opera-driver-3.141.59.jar:/Users/jesussierra/.m2/repository/org/seleniumhq/selenium/selenium-remote-driver/3.141.59/selenium-remote-driver-3.141.59.jar:/Users/jesussierra/.m2/repository/org/seleniumhq/selenium/selenium-safari-driver/3.141.59/selenium-safari-driver-3.141.59.jar:/Users/jesussierra/.m2/repository/org/seleniumhq/selenium/selenium-support/3.141.59/selenium-support-3.141.59.jar:/Users/jesussierra/.m2/repository/net/bytebuddy/byte-buddy/1.10.22/byte-buddy-1.10.22.jar:/Users/jesussierra/.m2/repository/org/apache/commons/commons-exec/1.3/commons-exec-1.3.jar:/Users/jesussierra/.m2/repository/com/google/guava/guava/25.0-jre/guava-25.0-jre.jar:/Users/jesussierra/.m2/repository/com/google/code/findbugs/jsr305/1.3.9/jsr305-1.3.9.jar:/Users/jesussierra/.m2/repository/org/checkerframework/checker-compat-qual/2.0.0/checker-compat-qual-2.0.0.jar:/Users/jesussierra/.m2/repository/com/google/errorprone/error_prone_annotations/2.1.3/error_prone_annotations-2.1.3.jar:/Users/jesussierra/.m2/repository/com/google/j2objc/j2objc-annotations/1.1/j2objc-annotations-1.1.jar:/Users/jesussierra/.m2/repository/org/codehaus/mojo/animal-sniffer-annotations/1.14/animal-sniffer-annotations-1.14.jar:/Users/jesussierra/.m2/repository/com/squareup/okhttp3/okhttp/3.14.9/okhttp-3.14.9.jar:/Users/jesussierra/.m2/repository/com/squareup/okio/okio/1.14.0/okio-1.14.0.jar:"/>
    <property name="java.vm.vendor" value="Oracle Corporation"/>
    <property name="sun.arch.data.model" value="64"/>
    <property name="java.vendor.url" value="http://java.oracle.com/"/>
    <property name="user.timezone" value=""/>
    <property name="java.vm.specification.version" value="11"/>
    <property name="os.name" value="Mac OS X"/>
    <property name="sun.java.launcher" value="SUN_STANDARD"/>
    <property name="user.country" value="MX"/>
    <property name="sun.boot.library.path" value="/Library/Java/JavaVirtualMachines/jdk-11.0.3.jdk/Contents/Home/lib"/>
    <property name="sun.java.command" value="/Users/jesussierra/Documents/workspace-spring-tool-suite-4-4.9.0.RELEASE/testHtml2/target/surefire/surefirebooter14441567874186988299.jar /Users/jesussierra/Documents/workspace-spring-tool-suite-4-4.9.0.RELEASE/testHtml2/target/surefire 2021-04-13T21-02-26_931-jvmRun1 surefire16868564341022680912tmp surefire_018276487753964622123tmp"/>
    <property name="http.nonProxyHosts" value="local|*.local|169.254/16|*.169.254/16"/>
    <property name="jdk.debug" value="release"/>
    <property name="surefire.test.class.path" value="/Users/jesussierra/Documents/workspace-spring-tool-suite-4-4.9.0.RELEASE/testHtml2/target/test-classes:/Users/jesussierra/Documents/workspace-spring-tool-suite-4-4.9.0.RELEASE/testHtml2/target/classes:/Users/jesussierra/.m2/repository/org/springframework/boot/spring-boot-starter-web/2.4.4/spring-boot-starter-web-2.4.4.jar:/Users/jesussierra/.m2/repository/org/springframework/boot/spring-boot-starter/2.4.4/spring-boot-starter-2.4.4.jar:/Users/jesussierra/.m2/repository/org/springframework/boot/spring-boot/2.4.4/spring-boot-2.4.4.jar:/Users/jesussierra/.m2/repository/org/springframework/boot/spring-boot-autoconfigure/2.4.4/spring-boot-autoconfigure-2.4.4.jar:/Users/jesussierra/.m2/repository/org/springframework/boot/spring-boot-starter-logging/2.4.4/spring-boot-starter-logging-2.4.4.jar:/Users/jesussierra/.m2/repository/ch/qos/logback/logback-classic/1.2.3/logback-classic-1.2.3.jar:/Users/jesussierra/.m2/repository/ch/qos/logback/logback-core/1.2.3/logback-core-1.2.3.jar:/Users/jesussierra/.m2/repository/org/apache/logging/log4j/log4j-to-slf4j/2.13.3/log4j-to-slf4j-2.13.3.jar:/Users/jesussierra/.m2/repository/org/apache/logging/log4j/log4j-api/2.13.3/log4j-api-2.13.3.jar:/Users/jesussierra/.m2/repository/org/slf4j/jul-to-slf4j/1.7.30/jul-to-slf4j-1.7.30.jar:/Users/jesussierra/.m2/repository/jakarta/annotation/jakarta.annotation-api/1.3.5/jakarta.annotation-api-1.3.5.jar:/Users/jesussierra/.m2/repository/org/yaml/snakeyaml/1.27/snakeyaml-1.27.jar:/Users/jesussierra/.m2/repository/org/springframework/boot/spring-boot-starter-json/2.4.4/spring-boot-starter-json-2.4.4.jar:/Users/jesussierra/.m2/repository/com/fasterxml/jackson/core/jackson-databind/2.11.4/jackson-databind-2.11.4.jar:/Users/jesussierra/.m2/repository/com/fasterxml/jackson/core/jackson-annotations/2.11.4/jackson-annotations-2.11.4.jar:/Users/jesussierra/.m2/repository/com/fasterxml/jackson/core/jackson-core/2.11.4/jackson-core-2.11.4.jar:/Users/jesussierra/.m2/repository/com/fasterxml/jackson/datatype/jackson-datatype-jdk8/2.11.4/jackson-datatype-jdk8-2.11.4.jar:/Users/jesussierra/.m2/repository/com/fasterxml/jackson/datatype/jackson-datatype-jsr310/2.11.4/jackson-datatype-jsr310-2.11.4.jar:/Users/jesussierra/.m2/repository/com/fasterxml/jackson/module/jackson-module-parameter-names/2.11.4/jackson-module-parameter-names-2.11.4.jar:/Users/jesussierra/.m2/repository/org/springframework/boot/spring-boot-starter-tomcat/2.4.4/spring-boot-starter-tomcat-2.4.4.jar:/Users/jesussierra/.m2/repository/org/apache/tomcat/embed/tomcat-embed-core/9.0.44/tomcat-embed-core-9.0.44.jar:/Users/jesussierra/.m2/repository/org/glassfish/jakarta.el/3.0.3/jakarta.el-3.0.3.jar:/Users/jesussierra/.m2/repository/org/apache/tomcat/embed/tomcat-embed-websocket/9.0.44/tomcat-embed-websocket-9.0.44.jar:/Users/jesussierra/.m2/repository/org/springframework/spring-web/5.3.5/spring-web-5.3.5.jar:/Users/jesussierra/.m2/repository/org/springframework/spring-beans/5.3.5/spring-beans-5.3.5.jar:/Users/jesussierra/.m2/repository/org/springframework/spring-webmvc/5.3.5/spring-webmvc-5.3.5.jar:/Users/jesussierra/.m2/repository/org/springframework/spring-aop/5.3.5/spring-aop-5.3.5.jar:/Users/jesussierra/.m2/repository/org/springframework/spring-context/5.3.5/spring-context-5.3.5.jar:/Users/jesussierra/.m2/repository/org/springframework/spring-expression/5.3.5/spring-expression-5.3.5.jar:/Users/jesussierra/.m2/repository/org/springframework/boot/spring-boot-starter-test/2.4.4/spring-boot-starter-test-2.4.4.jar:/Users/jesussierra/.m2/repository/org/springframework/boot/spring-boot-test/2.4.4/spring-boot-test-2.4.4.jar:/Users/jesussierra/.m2/repository/org/springframework/boot/spring-boot-test-autoconfigure/2.4.4/spring-boot-test-autoconfigure-2.4.4.jar:/Users/jesussierra/.m2/repository/com/jayway/jsonpath/json-path/2.4.0/json-path-2.4.0.jar:/Users/jesussierra/.m2/repository/net/minidev/json-smart/2.3/json-smart-2.3.jar:/Users/jesussierra/.m2/repository/net/minidev/accessors-smart/1.2/accessors-smart-1.2.jar:/Users/jesussierra/.m2/repository/org/ow2/asm/asm/5.0.4/asm-5.0.4.jar:/Users/jesussierra/.m2/repository/org/slf4j/slf4j-api/1.7.30/slf4j-api-1.7.30.jar:/Users/jesussierra/.m2/repository/jakarta/xml/bind/jakarta.xml.bind-api/2.3.3/jakarta.xml.bind-api-2.3.3.jar:/Users/jesussierra/.m2/repository/jakarta/activation/jakarta.activation-api/1.2.2/jakarta.activation-api-1.2.2.jar:/Users/jesussierra/.m2/repository/org/assertj/assertj-core/3.18.1/assertj-core-3.18.1.jar:/Users/jesussierra/.m2/repository/org/hamcrest/hamcrest/2.2/hamcrest-2.2.jar:/Users/jesussierra/.m2/repository/org/junit/jupiter/junit-jupiter/5.7.1/junit-jupiter-5.7.1.jar:/Users/jesussierra/.m2/repository/org/junit/jupiter/junit-jupiter-api/5.7.1/junit-jupiter-api-5.7.1.jar:/Users/jesussierra/.m2/repository/org/apiguardian/apiguardian-api/1.1.0/apiguardian-api-1.1.0.jar:/Users/jesussierra/.m2/repository/org/opentest4j/opentest4j/1.2.0/opentest4j-1.2.0.jar:/Users/jesussierra/.m2/repository/org/junit/platform/junit-platform-commons/1.7.1/junit-platform-commons-1.7.1.jar:/Users/jesussierra/.m2/repository/org/junit/jupiter/junit-jupiter-params/5.7.1/junit-jupiter-params-5.7.1.jar:/Users/jesussierra/.m2/repository/org/junit/jupiter/junit-jupiter-engine/5.7.1/junit-jupiter-engine-5.7.1.jar:/Users/jesussierra/.m2/repository/org/junit/platform/junit-platform-engine/1.7.1/junit-platform-engine-1.7.1.jar:/Users/jesussierra/.m2/repository/org/mockito/mockito-core/3.6.28/mockito-core-3.6.28.jar:/Users/jesussierra/.m2/repository/net/bytebuddy/byte-buddy-agent/1.10.22/byte-buddy-agent-1.10.22.jar:/Users/jesussierra/.m2/repository/org/objenesis/objenesis/3.1/objenesis-3.1.jar:/Users/jesussierra/.m2/repository/org/mockito/mockito-junit-jupiter/3.6.28/mockito-junit-jupiter-3.6.28.jar:/Users/jesussierra/.m2/repository/org/skyscreamer/jsonassert/1.5.0/jsonassert-1.5.0.jar:/Users/jesussierra/.m2/repository/com/vaadin/external/google/android-json/0.0.20131108.vaadin1/android-json-0.0.20131108.vaadin1.jar:/Users/jesussierra/.m2/repository/org/springframework/spring-core/5.3.5/spring-core-5.3.5.jar:/Users/jesussierra/.m2/repository/org/springframework/spring-jcl/5.3.5/spring-jcl-5.3.5.jar:/Users/jesussierra/.m2/repository/org/springframework/spring-test/5.3.5/spring-test-5.3.5.jar:/Users/jesussierra/.m2/repository/org/xmlunit/xmlunit-core/2.7.0/xmlunit-core-2.7.0.jar:/Users/jesussierra/.m2/repository/org/seleniumhq/selenium/selenium-java/3.141.59/selenium-java-3.141.59.jar:/Users/jesussierra/.m2/repository/org/seleniumhq/selenium/selenium-api/3.141.59/selenium-api-3.141.59.jar:/Users/jesussierra/.m2/repository/org/seleniumhq/selenium/selenium-chrome-driver/3.141.59/selenium-chrome-driver-3.141.59.jar:/Users/jesussierra/.m2/repository/org/seleniumhq/selenium/selenium-edge-driver/3.141.59/selenium-edge-driver-3.141.59.jar:/Users/jesussierra/.m2/repository/org/seleniumhq/selenium/selenium-firefox-driver/3.141.59/selenium-firefox-driver-3.141.59.jar:/Users/jesussierra/.m2/repository/org/seleniumhq/selenium/selenium-ie-driver/3.141.59/selenium-ie-driver-3.141.59.jar:/Users/jesussierra/.m2/repository/org/seleniumhq/selenium/selenium-opera-driver/3.141.59/selenium-opera-driver-3.141.59.jar:/Users/jesussierra/.m2/repository/org/seleniumhq/selenium/selenium-remote-driver/3.141.59/selenium-remote-driver-3.141.59.jar:/Users/jesussierra/.m2/repository/org/seleniumhq/selenium/selenium-safari-driver/3.141.59/selenium-safari-driver-3.141.59.jar:/Users/jesussierra/.m2/repository/org/seleniumhq/selenium/selenium-support/3.141.59/selenium-support-3.141.59.jar:/Users/jesussierra/.m2/repository/net/bytebuddy/byte-buddy/1.10.22/byte-buddy-1.10.22.jar:/Users/jesussierra/.m2/repository/org/apache/commons/commons-exec/1.3/commons-exec-1.3.jar:/Users/jesussierra/.m2/repository/com/google/guava/guava/25.0-jre/guava-25.0-jre.jar:/Users/jesussierra/.m2/repository/com/google/code/findbugs/jsr305/1.3.9/jsr305-1.3.9.jar:/Users/jesussierra/.m2/repository/org/checkerframework/checker-compat-qual/2.0.0/checker-compat-qual-2.0.0.jar:/Users/jesussierra/.m2/repository/com/google/errorprone/error_prone_annotations/2.1.3/error_prone_annotations-2.1.3.jar:/Users/jesussierra/.m2/repository/com/google/j2objc/j2objc-annotations/1.1/j2objc-annotations-1.1.jar:/Users/jesussierra/.m2/repository/org/codehaus/mojo/animal-sniffer-annotations/1.14/animal-sniffer-annotations-1.14.jar:/Users/jesussierra/.m2/repository/com/squareup/okhttp3/okhttp/3.14.9/okhttp-3.14.9.jar:/Users/jesussierra/.m2/repository/com/squareup/okio/okio/1.14.0/okio-1.14.0.jar:"/>
    <property name="sun.cpu.endian" value="little"/>
    <property name="user.home" value="/Users/jesussierra"/>
    <property name="user.language" value="es"/>
    <property name="java.specification.vendor" value="Oracle Corporation"/>
    <property name="java.version.date" value="2019-04-16"/>
    <property name="java.home" value="/Library/Java/JavaVirtualMachines/jdk-11.0.3.jdk/Contents/Home"/>
    <property name="file.separator" value="/"/>
    <property name="style.color" value="always"/>
    <property name="basedir" value="/Users/jesussierra/Documents/workspace-spring-tool-suite-4-4.9.0.RELEASE/testHtml2"/>
    <property name="java.vm.compressedOopsMode" value="Zero based"/>
    <property name="line.separator" value="&#10;"/>
    <property name="java.specification.name" value="Java Platform API Specification"/>
    <property name="java.vm.specification.vendor" value="Oracle Corporation"/>
    <property name="java.awt.graphicsenv" value="sun.awt.CGraphicsEnvironment"/>
    <property name="surefire.real.class.path" value="/Users/jesussierra/Documents/workspace-spring-tool-suite-4-4.9.0.RELEASE/testHtml2/target/surefire/surefirebooter14441567874186988299.jar"/>
    <property name="sun.management.compiler" value="HotSpot 64-Bit Tiered Compilers"/>
    <property name="ftp.nonProxyHosts" value="local|*.local|169.254/16|*.169.254/16"/>
    <property name="java.runtime.version" value="11.0.3+12-LTS"/>
    <property name="user.name" value="jesussierra"/>
    <property name="path.separator" value=":"/>
    <property name="os.version" value="10.16"/>
    <property name="java.runtime.name" value="Java(TM) SE Runtime Environment"/>
    <property name="file.encoding" value="UTF-8"/>
    <property name="java.vm.name" value="Java HotSpot(TM) 64-Bit Server VM"/>
    <property name="java.vendor.version" value="18.9"/>
    <property name="localRepository" value="/Users/jesussierra/.m2/repository"/>
    <property name="java.vendor.url.bug" value="http://bugreport.java.com/bugreport/"/>
    <property name="java.io.tmpdir" value="/var/folders/_h/vfmv01xj2m7f2s682wg1r0y40000gn/T/"/>
    <property name="java.version" value="11.0.3"/>
    <property name="user.dir" value="/Users/jesussierra/Documents/workspace-spring-tool-suite-4-4.9.0.RELEASE/testHtml2"/>
    <property name="os.arch" value="x86_64"/>
    <property name="java.vm.specification.name" value="Java Virtual Machine Specification"/>
    <property name="java.awt.printerjob" value="sun.lwawt.macosx.CPrinterJob"/>
    <property name="sun.os.patch.level" value="unknown"/>
    <property name="java.library.path" value="/Users/jesussierra/Library/Java/Extensions:/Library/Java/Extensions:/Network/Library/Java/Extensions:/System/Library/Java/Extensions:/usr/lib/java:."/>
    <property name="java.vendor" value="Oracle Corporation"/>
    <property name="java.vm.info" value="mixed mode"/>
    <property name="java.vm.version" value="11.0.3+12-LTS"/>
    <property name="sun.io.unicode.encoding" value="UnicodeBig"/>
    <property name="java.class.version" value="55.0"/>
    <property name="socksNonProxyHosts" value="local|*.local|169.254/16|*.169.254/16"/>
  </properties>
  <testcase name="givenAClient_whenSearchingEmptyString_thenPleaseEnterDisplayed" classname="mx.tec.lab.TestHtml2ApplicationTests" time="20.897">
    <error message="Timed out waiting for driver server to start.&#10;Build info: version: &apos;3.141.59&apos;, revision: &apos;e82be7d358&apos;, time: &apos;2018-11-14T08:17:03&apos;&#10;System info: host: &apos;MacBook-Pro-de-Jesus-2.local&apos;, ip: &apos;2806:108e:d:492c:f9d3:74bb:d824:6c91%en0&apos;, os.name: &apos;Mac OS X&apos;, os.arch: &apos;x86_64&apos;, os.version: &apos;10.16&apos;, java.version: &apos;11.0.3&apos;&#10;Driver info: driver.version: ChromeDriver" type="org.openqa.selenium.WebDriverException">org.openqa.selenium.WebDriverException: 
Timed out waiting for driver server to start.
Build info: version: '3.141.59', revision: 'e82be7d358', time: '2018-11-14T08:17:03'
System info: host: 'MacBook-Pro-de-Jesus-2.local', ip: '2806:108e:d:492c:f9d3:74bb:d824:6c91%en0', os.name: 'Mac OS X', os.arch: 'x86_64', os.version: '10.16', java.version: '11.0.3'
Driver info: driver.version: ChromeDriver
	at mx.tec.lab.TestHtml2ApplicationTests.setUp(TestHtml2ApplicationTests.java:24)
Caused by: org.openqa.selenium.net.UrlChecker$TimeoutException: Timed out waiting for [http://localhost:41032/status] to be available after 20002 ms
	at mx.tec.lab.TestHtml2ApplicationTests.setUp(TestHtml2ApplicationTests.java:24)
Caused by: java.util.concurrent.TimeoutException
	at mx.tec.lab.TestHtml2ApplicationTests.setUp(TestHtml2ApplicationTests.java:24)
</error>
    <system-out><![CDATA[21:02:28.265 [main] DEBUG org.springframework.test.context.BootstrapUtils - Instantiating CacheAwareContextLoaderDelegate from class [org.springframework.test.context.cache.DefaultCacheAwareContextLoaderDelegate]
21:02:28.282 [main] DEBUG org.springframework.test.context.BootstrapUtils - Instantiating BootstrapContext using constructor [public org.springframework.test.context.support.DefaultBootstrapContext(java.lang.Class,org.springframework.test.context.CacheAwareContextLoaderDelegate)]
21:02:28.337 [main] DEBUG org.springframework.test.context.BootstrapUtils - Instantiating TestContextBootstrapper for test class [mx.tec.lab.TestHtml2ApplicationTests] from class [org.springframework.boot.test.context.SpringBootTestContextBootstrapper]
21:02:28.349 [main] INFO org.springframework.boot.test.context.SpringBootTestContextBootstrapper - Neither @ContextConfiguration nor @ContextHierarchy found for test class [mx.tec.lab.TestHtml2ApplicationTests], using SpringBootContextLoader
21:02:28.354 [main] DEBUG org.springframework.test.context.support.AbstractContextLoader - Did not detect default resource location for test class [mx.tec.lab.TestHtml2ApplicationTests]: class path resource [mx/tec/lab/TestHtml2ApplicationTests-context.xml] does not exist
21:02:28.355 [main] DEBUG org.springframework.test.context.support.AbstractContextLoader - Did not detect default resource location for test class [mx.tec.lab.TestHtml2ApplicationTests]: class path resource [mx/tec/lab/TestHtml2ApplicationTestsContext.groovy] does not exist
21:02:28.356 [main] INFO org.springframework.test.context.support.AbstractContextLoader - Could not detect default resource locations for test class [mx.tec.lab.TestHtml2ApplicationTests]: no resource found for suffixes {-context.xml, Context.groovy}.
21:02:28.358 [main] INFO org.springframework.test.context.support.AnnotationConfigContextLoaderUtils - Could not detect default configuration classes for test class [mx.tec.lab.TestHtml2ApplicationTests]: TestHtml2ApplicationTests does not declare any static, non-private, non-final, nested classes annotated with @Configuration.
21:02:28.474 [main] DEBUG org.springframework.test.context.support.ActiveProfilesUtils - Could not find an 'annotation declaring class' for annotation type [org.springframework.test.context.ActiveProfiles] and class [mx.tec.lab.TestHtml2ApplicationTests]
21:02:28.551 [main] DEBUG org.springframework.context.annotation.ClassPathScanningCandidateComponentProvider - Identified candidate component class: file [/Users/jesussierra/Documents/workspace-spring-tool-suite-4-4.9.0.RELEASE/testHtml2/target/classes/mx/tec/lab/TestHtml2Application.class]
21:02:28.552 [main] INFO org.springframework.boot.test.context.SpringBootTestContextBootstrapper - Found @SpringBootConfiguration mx.tec.lab.TestHtml2Application for test class mx.tec.lab.TestHtml2ApplicationTests
21:02:28.697 [main] DEBUG org.springframework.boot.test.context.SpringBootTestContextBootstrapper - @TestExecutionListeners is not present for class [mx.tec.lab.TestHtml2ApplicationTests]: using defaults.
21:02:28.698 [main] INFO org.springframework.boot.test.context.SpringBootTestContextBootstrapper - Loaded default TestExecutionListener class names from location [META-INF/spring.factories]: [org.springframework.boot.test.mock.mockito.MockitoTestExecutionListener, org.springframework.boot.test.mock.mockito.ResetMocksTestExecutionListener, org.springframework.boot.test.autoconfigure.restdocs.RestDocsTestExecutionListener, org.springframework.boot.test.autoconfigure.web.client.MockRestServiceServerResetTestExecutionListener, org.springframework.boot.test.autoconfigure.web.servlet.MockMvcPrintOnlyOnFailureTestExecutionListener, org.springframework.boot.test.autoconfigure.web.servlet.WebDriverTestExecutionListener, org.springframework.boot.test.autoconfigure.webservices.client.MockWebServiceServerTestExecutionListener, org.springframework.test.context.web.ServletTestExecutionListener, org.springframework.test.context.support.DirtiesContextBeforeModesTestExecutionListener, org.springframework.test.context.event.ApplicationEventsTestExecutionListener, org.springframework.test.context.support.DependencyInjectionTestExecutionListener, org.springframework.test.context.support.DirtiesContextTestExecutionListener, org.springframework.test.context.transaction.TransactionalTestExecutionListener, org.springframework.test.context.jdbc.SqlScriptsTestExecutionListener, org.springframework.test.context.event.EventPublishingTestExecutionListener]
21:02:28.731 [main] DEBUG org.springframework.boot.test.context.SpringBootTestContextBootstrapper - Skipping candidate TestExecutionListener [org.springframework.test.context.transaction.TransactionalTestExecutionListener] due to a missing dependency. Specify custom listener classes or make the default listener classes and their required dependencies available. Offending class: [org/springframework/transaction/TransactionDefinition]
21:02:28.732 [main] DEBUG org.springframework.boot.test.context.SpringBootTestContextBootstrapper - Skipping candidate TestExecutionListener [org.springframework.test.context.jdbc.SqlScriptsTestExecutionListener] due to a missing dependency. Specify custom listener classes or make the default listener classes and their required dependencies available. Offending class: [org/springframework/transaction/interceptor/TransactionAttribute]
21:02:28.732 [main] INFO org.springframework.boot.test.context.SpringBootTestContextBootstrapper - Using TestExecutionListeners: [org.springframework.test.context.web.ServletTestExecutionListener@45815ffc, org.springframework.test.context.support.DirtiesContextBeforeModesTestExecutionListener@732f29af, org.springframework.test.context.event.ApplicationEventsTestExecutionListener@d3957fe, org.springframework.boot.test.mock.mockito.MockitoTestExecutionListener@6622fc65, org.springframework.boot.test.autoconfigure.SpringBootDependencyInjectionTestExecutionListener@299321e2, org.springframework.test.context.support.DirtiesContextTestExecutionListener@23fb172e, org.springframework.test.context.event.EventPublishingTestExecutionListener@64ba3208, org.springframework.boot.test.mock.mockito.ResetMocksTestExecutionListener@158a3b2e, org.springframework.boot.test.autoconfigure.restdocs.RestDocsTestExecutionListener@25a6944c, org.springframework.boot.test.autoconfigure.web.client.MockRestServiceServerResetTestExecutionListener@5e1fa5b1, org.springframework.boot.test.autoconfigure.web.servlet.MockMvcPrintOnlyOnFailureTestExecutionListener@6b00f608, org.springframework.boot.test.autoconfigure.web.servlet.WebDriverTestExecutionListener@2f17e30d, org.springframework.boot.test.autoconfigure.webservices.client.MockWebServiceServerTestExecutionListener@3e821657]
21:02:28.737 [main] DEBUG org.springframework.test.context.support.AbstractDirtiesContextTestExecutionListener - Before test class: context [DefaultTestContext@34f7234e testClass = TestHtml2ApplicationTests, testInstance = [null], testMethod = [null], testException = [null], mergedContextConfiguration = [WebMergedContextConfiguration@753432a2 testClass = TestHtml2ApplicationTests, locations = '{}', classes = '{class mx.tec.lab.TestHtml2Application}', contextInitializerClasses = '[]', activeProfiles = '{}', propertySourceLocations = '{}', propertySourceProperties = '{org.springframework.boot.test.context.SpringBootTestContextBootstrapper=true}', contextCustomizers = set[org.springframework.boot.test.context.filter.ExcludeFilterContextCustomizer@311bf055, org.springframework.boot.test.json.DuplicateJsonObjectContextCustomizerFactory$DuplicateJsonObjectContextCustomizer@21be3395, org.springframework.boot.test.mock.mockito.MockitoContextCustomizer@0, org.springframework.boot.test.web.client.TestRestTemplateContextCustomizer@2438dcd, org.springframework.boot.test.autoconfigure.actuate.metrics.MetricsExportContextCustomizerFactory$DisableMetricExportContextCustomizer@7f2cfe3f, org.springframework.boot.test.autoconfigure.properties.PropertyMappingContextCustomizer@0, org.springframework.boot.test.autoconfigure.web.servlet.WebDriverContextCustomizerFactory$Customizer@9cb8225, org.springframework.boot.test.context.SpringBootTestArgs@1, org.springframework.boot.test.context.SpringBootTestWebEnvironment@d4342c2], resourceBasePath = 'src/main/webapp', contextLoader = 'org.springframework.boot.test.context.SpringBootContextLoader', parent = [null]], attributes = map['org.springframework.test.context.web.ServletTestExecutionListener.activateListener' -> true]], class annotated with @DirtiesContext [false] with mode [null].
21:02:28.805 [main] DEBUG org.springframework.test.context.support.TestPropertySourceUtils - Adding inlined properties to environment: {spring.jmx.enabled=false, org.springframework.boot.test.context.SpringBootTestContextBootstrapper=true}

  .   ____          _            __ _ _
 /\\ / ___'_ __ _ _(_)_ __  __ _ \ \ \ \
( ( )\___ | '_ | '_| | '_ \/ _` | \ \ \ \
 \\/  ___)| |_)| | | | | || (_| |  ) ) ) )
  '  |____| .__|_| |_|_| |_\__, | / / / /
 =========|_|==============|___/=/_/_/_/
 :: Spring Boot ::                (v2.4.4)

2021-04-13 21:02:29.361  INFO 39707 --- [           main] mx.tec.lab.TestHtml2ApplicationTests     : Starting TestHtml2ApplicationTests using Java 11.0.3 on MacBook-Pro-de-Jesus-2.local with PID 39707 (started by jesussierra in /Users/jesussierra/Documents/workspace-spring-tool-suite-4-4.9.0.RELEASE/testHtml2)
2021-04-13 21:02:29.364  INFO 39707 --- [           main] mx.tec.lab.TestHtml2ApplicationTests     : No active profile set, falling back to default profiles: default
2021-04-13 21:02:31.294  INFO 39707 --- [           main] o.s.s.concurrent.ThreadPoolTaskExecutor  : Initializing ExecutorService 'applicationTaskExecutor'
2021-04-13 21:02:31.711  INFO 39707 --- [           main] mx.tec.lab.TestHtml2ApplicationTests     : Started TestHtml2ApplicationTests in 2.859 seconds (JVM running for 4.396)
2021-04-13 21:02:52.597 ERROR 39707 --- [ null to remote] org.openqa.selenium.os.OsProcess         : org.apache.commons.exec.ExecuteException: Process exited with an error: 137 (Exit value: 137)
]]></system-out>
  </testcase>
  <testcase name="givenAClient_whenEnteringAutomationPractice_thenPageTitleIsCorrect" classname="mx.tec.lab.TestHtml2ApplicationTests" time="20.011">
    <error message="Timed out waiting for driver server to start.&#10;Build info: version: &apos;3.141.59&apos;, revision: &apos;e82be7d358&apos;, time: &apos;2018-11-14T08:17:03&apos;&#10;System info: host: &apos;MacBook-Pro-de-Jesus-2.local&apos;, ip: &apos;2806:108e:d:492c:f9d3:74bb:d824:6c91%en0&apos;, os.name: &apos;Mac OS X&apos;, os.arch: &apos;x86_64&apos;, os.version: &apos;10.16&apos;, java.version: &apos;11.0.3&apos;&#10;Driver info: driver.version: ChromeDriver" type="org.openqa.selenium.WebDriverException">org.openqa.selenium.WebDriverException: 
Timed out waiting for driver server to start.
Build info: version: '3.141.59', revision: 'e82be7d358', time: '2018-11-14T08:17:03'
System info: host: 'MacBook-Pro-de-Jesus-2.local', ip: '2806:108e:d:492c:f9d3:74bb:d824:6c91%en0', os.name: 'Mac OS X', os.arch: 'x86_64', os.version: '10.16', java.version: '11.0.3'
Driver info: driver.version: ChromeDriver
	at mx.tec.lab.TestHtml2ApplicationTests.setUp(TestHtml2ApplicationTests.java:24)
Caused by: org.openqa.selenium.net.UrlChecker$TimeoutException: Timed out waiting for [http://localhost:47373/status] to be available after 20004 ms
	at mx.tec.lab.TestHtml2ApplicationTests.setUp(TestHtml2ApplicationTests.java:24)
Caused by: java.util.concurrent.TimeoutException
	at mx.tec.lab.TestHtml2ApplicationTests.setUp(TestHtml2ApplicationTests.java:24)
</error>
    <system-out><![CDATA[2021-04-13 21:03:12.647 ERROR 39707 --- [ null to remote] org.openqa.selenium.os.OsProcess         : org.apache.commons.exec.ExecuteException: Process exited with an error: 137 (Exit value: 137)
]]></system-out>
  </testcase>
  <testcase name="givenAClient_whenSearchingNotExistingProduct_thenNoResultsDisplayed" classname="mx.tec.lab.TestHtml2ApplicationTests" time="16.536">
    <failure message="expected: &lt;No results were found for your search &quot;chivigon&quot;&gt; but was: &lt;No results were found for your search &quot;frutas&quot;&gt;" type="org.opentest4j.AssertionFailedError"><![CDATA[org.opentest4j.AssertionFailedError: expected: <No results were found for your search "chivigon"> but was: <No results were found for your search "frutas">
	at mx.tec.lab.TestHtml2ApplicationTests.givenAClient_whenSearchingNotExistingProduct_thenNoResultsDisplayed(TestHtml2ApplicationTests.java:106)
]]></failure>
    <system-out><![CDATA[2021-04-13 21:03:21.612  INFO 39707 --- [ null to remote] o.o.selenium.remote.ProtocolHandshake    : Detected dialect: W3C
]]></system-out>
    <system-err><![CDATA[Starting ChromeDriver 89.0.4389.23 (61b08ee2c50024bab004e48d2b1b083cdbdac579-refs/branch-heads/4389@{#294}) on port 41333
Only local connections are allowed.
Please see https://chromedriver.chromium.org/security-considerations for suggestions on keeping ChromeDriver safe.
ChromeDriver was started successfully.
]]></system-err>
  </testcase>
  <testcase name="givenAClient_whenEnteringLoginCredentials_thenAccountPageIsDisplayed" classname="mx.tec.lab.TestHtml2ApplicationTests" time="6.529"/>
  <testcase name="givenAClient_whenSigningOut_thenAuthenticationPageIsDisplayed" classname="mx.tec.lab.TestHtml2ApplicationTests" time="7.495"/>
  <testcase name="givenAClient_whenEnteringWrongLoginCredentials_thenAuthenticationPageIsDisplayed" classname="mx.tec.lab.TestHtml2ApplicationTests" time="5.682"/>
  <testcase name="givenAClient_whenEnteringWrongLoginCredentials_thenErrorMessageIsDisplayed" classname="mx.tec.lab.TestHtml2ApplicationTests" time="5.732"/>
</testsuite>